17:09:59.190 [main] DEBUG a.a.t.s.a.i.a.MainApplication - Application starting with arguments=[]
17:09:59.583 [JavaFX Application Thread] INFO  a.a.t.s.a.i.application.Changescene - Changing scene
17:10:00.112 [JavaFX Application Thread] INFO  a.a.t.s.a.i.a.MainController - Set Main Scene
17:10:00.857 [JavaFX Application Thread] DEBUG a.a.t.s.a.i.a.MainApplication - Application startup complete
17:10:02.633 [JavaFX Application Thread] DEBUG a.a.t.s.a.i.a.MainApplication - Application shutdown initiated
17:31:47.664 [main] DEBUG a.a.t.s.a.i.a.MainApplication - Application starting with arguments=[]
17:31:48.093 [JavaFX Application Thread] INFO  a.a.t.s.a.i.application.Changescene - Changing scene
17:31:48.557 [JavaFX Application Thread] INFO  a.a.t.s.a.i.a.MainController - Set Main Scene
17:31:49.109 [JavaFX Application Thread] DEBUG a.a.t.s.a.i.a.MainApplication - Application startup complete
17:31:55.589 [JavaFX Application Thread] INFO  a.a.t.s.a.i.r.c.Mainscenecontroller - Opening Productmanagement
17:31:55.589 [JavaFX Application Thread] INFO  a.a.t.s.a.i.application.Changescene - Changing scene
17:31:55.693 [JavaFX Application Thread] INFO  a.a.t.s.a.i.application.ConnectDb - Get Connection to Database
17:32:15.466 [JavaFX Application Thread] DEBUG a.a.t.s.a.i.a.MainApplication - Application shutdown initiated
17:34:07.764 [main] DEBUG a.a.t.s.a.i.a.MainApplication - Application starting with arguments=[]
17:34:08.175 [JavaFX Application Thread] INFO  a.a.t.s.a.i.application.Changescene - Changing scene
17:34:08.610 [JavaFX Application Thread] INFO  a.a.t.s.a.i.a.MainController - Set Main Scene
17:34:09.249 [JavaFX Application Thread] DEBUG a.a.t.s.a.i.a.MainApplication - Application startup complete
17:34:15.652 [JavaFX Application Thread] INFO  a.a.t.s.a.i.r.c.Mainscenecontroller - Opening Productmanagement
17:34:15.652 [JavaFX Application Thread] INFO  a.a.t.s.a.i.application.Changescene - Changing scene
17:34:15.737 [JavaFX Application Thread] INFO  a.a.t.s.a.i.application.ConnectDb - Get Connection to Database
17:34:16.030 [JavaFX Application Thread] INFO  a.a.t.s.a.i.a.MainController - Set Main Scene
17:34:26.774 [JavaFX Application Thread] INFO  a.a.t.s.a.i.application.Changescene - Changing scene
17:34:26.819 [JavaFX Application Thread] INFO  a.a.t.s.a.i.a.MainController - Set Main Scene
17:34:38.232 [JavaFX Application Thread] INFO  a.a.t.s.a.i.application.Changescene - Changing scene
17:34:38.260 [JavaFX Application Thread] INFO  a.a.t.s.a.i.application.ConnectDb - Get Connection to Database
17:34:38.278 [JavaFX Application Thread] INFO  a.a.t.s.a.i.a.MainController - Set Main Scene
17:34:40.876 [JavaFX Application Thread] INFO  a.a.t.s.a.i.application.Changescene - Changing scene
17:34:44.482 [JavaFX Application Thread] INFO  a.a.t.s.a.i.application.Changescene - Changing scene
17:34:44.501 [JavaFX Application Thread] INFO  a.a.t.s.a.i.a.MainController - Set Main Scene
17:36:29.729 [JavaFX Application Thread] INFO  a.a.t.s.a.i.application.Changescene - Changing scene
17:36:29.755 [JavaFX Application Thread] INFO  a.a.t.s.a.i.application.ConnectDb - Get Connection to Database
17:36:29.767 [JavaFX Application Thread] INFO  a.a.t.s.a.i.a.MainController - Set Main Scene
17:36:32.543 [JavaFX Application Thread] INFO  a.a.t.s.a.i.application.Changescene - Changing scene
17:36:32.556 [JavaFX Application Thread] INFO  a.a.t.s.a.i.a.MainController - Set Main Scene
17:37:08.400 [JavaFX Application Thread] INFO  a.a.t.s.a.i.application.Changescene - Changing scene
17:37:08.418 [JavaFX Application Thread] INFO  a.a.t.s.a.i.application.ConnectDb - Get Connection to Database
17:37:08.425 [JavaFX Application Thread] INFO  a.a.t.s.a.i.a.MainController - Set Main Scene
17:37:10.266 [JavaFX Application Thread] INFO  a.a.t.s.a.i.application.Changescene - Changing scene
17:37:10.285 [JavaFX Application Thread] INFO  a.a.t.s.a.i.a.MainController - Set Main Scene
17:37:11.184 [JavaFX Application Thread] INFO  a.a.t.s.a.i.application.Changescene - Changing scene
17:37:11.196 [JavaFX Application Thread] INFO  a.a.t.s.a.i.application.ConnectDb - Get Connection to Database
17:37:11.202 [JavaFX Application Thread] INFO  a.a.t.s.a.i.a.MainController - Set Main Scene
17:37:14.541 [JavaFX Application Thread] DEBUG a.a.t.s.a.i.a.MainApplication - Application shutdown initiated
17:37:47.901 [main] INFO  a.a.t.s.a.i.application.ConnectDb - Create Database
17:38:32.490 [main] DEBUG a.a.t.s.a.i.a.MainApplication - Application starting with arguments=[]
17:38:32.892 [JavaFX Application Thread] INFO  a.a.t.s.a.i.application.Changescene - Changing scene
17:38:33.259 [JavaFX Application Thread] INFO  a.a.t.s.a.i.a.MainController - Set Main Scene
17:38:33.812 [JavaFX Application Thread] DEBUG a.a.t.s.a.i.a.MainApplication - Application startup complete
17:38:45.899 [JavaFX Application Thread] INFO  a.a.t.s.a.i.r.c.Mainscenecontroller - Opening Productmanagement
17:38:45.899 [JavaFX Application Thread] INFO  a.a.t.s.a.i.application.Changescene - Changing scene
17:38:45.985 [JavaFX Application Thread] INFO  a.a.t.s.a.i.application.ConnectDb - Get Connection to Database
17:38:46.243 [JavaFX Application Thread] INFO  a.a.t.s.a.i.a.MainController - Set Main Scene
17:39:10.745 [JavaFX Application Thread] INFO  a.a.t.s.a.i.application.Changescene - Changing scene
17:39:10.793 [JavaFX Application Thread] INFO  a.a.t.s.a.i.a.MainController - Set Main Scene
17:41:08.501 [JavaFX Application Thread] DEBUG a.a.t.s.a.i.a.MainApplication - Application shutdown initiated
17:41:23.345 [main] DEBUG a.a.t.s.a.i.a.MainApplication - Application starting with arguments=[]
17:41:23.700 [JavaFX Application Thread] INFO  a.a.t.s.a.i.application.Changescene - Changing scene
17:41:24.086 [JavaFX Application Thread] INFO  a.a.t.s.a.i.a.MainController - Set Main Scene
17:41:24.638 [JavaFX Application Thread] DEBUG a.a.t.s.a.i.a.MainApplication - Application startup complete
17:41:29.383 [JavaFX Application Thread] INFO  a.a.t.s.a.i.r.c.Mainscenecontroller - Opening Productmanagement
17:41:29.383 [JavaFX Application Thread] INFO  a.a.t.s.a.i.application.Changescene - Changing scene
17:41:29.485 [JavaFX Application Thread] INFO  a.a.t.s.a.i.application.ConnectDb - Get Connection to Database
17:41:29.791 [JavaFX Application Thread] INFO  a.a.t.s.a.i.a.MainController - Set Main Scene
17:41:34.954 [JavaFX Application Thread] INFO  a.a.t.s.a.i.application.Changescene - Changing scene
17:41:34.991 [JavaFX Application Thread] INFO  a.a.t.s.a.i.a.MainController - Set Main Scene
17:42:32.906 [JavaFX Application Thread] DEBUG a.a.t.s.a.i.a.MainApplication - Application shutdown initiated
17:42:46.831 [main] DEBUG a.a.t.s.a.i.a.MainApplication - Application starting with arguments=[]
17:42:47.157 [JavaFX Application Thread] INFO  a.a.t.s.a.i.application.Changescene - Changing scene
17:42:47.606 [JavaFX Application Thread] INFO  a.a.t.s.a.i.a.MainController - Set Main Scene
17:42:48.036 [JavaFX Application Thread] DEBUG a.a.t.s.a.i.a.MainApplication - Application startup complete
17:42:52.461 [JavaFX Application Thread] INFO  a.a.t.s.a.i.r.c.Mainscenecontroller - Opening Productmanagement
17:42:52.461 [JavaFX Application Thread] INFO  a.a.t.s.a.i.application.Changescene - Changing scene
17:42:52.582 [JavaFX Application Thread] INFO  a.a.t.s.a.i.application.ConnectDb - Get Connection to Database
17:42:52.959 [JavaFX Application Thread] INFO  a.a.t.s.a.i.a.MainController - Set Main Scene
17:42:56.249 [JavaFX Application Thread] INFO  a.a.t.s.a.i.application.Changescene - Changing scene
17:42:56.390 [JavaFX Application Thread] INFO  a.a.t.s.a.i.a.MainController - Set Main Scene
17:44:03.979 [main] DEBUG a.a.t.s.a.i.a.MainApplication - Application starting with arguments=[]
17:44:04.369 [JavaFX Application Thread] INFO  a.a.t.s.a.i.application.Changescene - Changing scene
17:44:04.824 [JavaFX Application Thread] INFO  a.a.t.s.a.i.a.MainController - Set Main Scene
17:44:05.404 [JavaFX Application Thread] DEBUG a.a.t.s.a.i.a.MainApplication - Application startup complete
17:44:06.543 [JavaFX Application Thread] INFO  a.a.t.s.a.i.r.c.Mainscenecontroller - Opening Productmanagement
17:44:06.544 [JavaFX Application Thread] INFO  a.a.t.s.a.i.application.Changescene - Changing scene
17:44:06.635 [JavaFX Application Thread] INFO  a.a.t.s.a.i.application.ConnectDb - Get Connection to Database
17:44:06.965 [JavaFX Application Thread] INFO  a.a.t.s.a.i.a.MainController - Set Main Scene
17:44:12.043 [JavaFX Application Thread] INFO  a.a.t.s.a.i.application.Changescene - Changing scene
17:44:12.082 [JavaFX Application Thread] INFO  a.a.t.s.a.i.a.MainController - Set Main Scene
17:44:17.445 [JavaFX Application Thread] INFO  a.a.t.s.a.i.application.ConnectDb - Get Connection to Database
17:44:21.394 [JavaFX Application Thread] INFO  a.a.t.s.a.i.application.Changescene - Changing scene
17:44:21.414 [JavaFX Application Thread] INFO  a.a.t.s.a.i.application.ConnectDb - Get Connection to Database
17:44:21.422 [JavaFX Application Thread] INFO  a.a.t.s.a.i.a.MainController - Set Main Scene
17:44:25.474 [JavaFX Application Thread] INFO  a.a.t.s.a.i.application.ConnectDb - Get Connection to Database
17:44:26.180 [JavaFX Application Thread] INFO  a.a.t.s.a.i.application.ConnectDb - Get Connection to Database
17:44:26.315 [JavaFX Application Thread] INFO  a.a.t.s.a.i.application.ConnectDb - Get Connection to Database
17:44:26.442 [JavaFX Application Thread] INFO  a.a.t.s.a.i.application.ConnectDb - Get Connection to Database
17:44:26.587 [JavaFX Application Thread] INFO  a.a.t.s.a.i.application.ConnectDb - Get Connection to Database
17:44:26.724 [JavaFX Application Thread] INFO  a.a.t.s.a.i.application.ConnectDb - Get Connection to Database
17:44:26.851 [JavaFX Application Thread] INFO  a.a.t.s.a.i.application.ConnectDb - Get Connection to Database
17:44:27.006 [JavaFX Application Thread] INFO  a.a.t.s.a.i.application.ConnectDb - Get Connection to Database
17:44:31.177 [JavaFX Application Thread] INFO  a.a.t.s.a.i.application.Changescene - Changing scene
17:44:31.194 [JavaFX Application Thread] INFO  a.a.t.s.a.i.a.MainController - Set Main Scene
17:44:32.414 [JavaFX Application Thread] INFO  a.a.t.s.a.i.application.Changescene - Changing scene
17:44:32.436 [JavaFX Application Thread] INFO  a.a.t.s.a.i.application.ConnectDb - Get Connection to Database
17:44:32.441 [JavaFX Application Thread] INFO  a.a.t.s.a.i.a.MainController - Set Main Scene
17:44:48.204 [JavaFX Application Thread] INFO  a.a.t.s.a.i.application.ConnectDb - Get Connection to Database
17:51:12.355 [main] DEBUG a.a.t.s.a.i.a.MainApplication - Application starting with arguments=[]
17:51:12.710 [JavaFX Application Thread] INFO  a.a.t.s.a.i.application.Changescene - Changing scene
17:51:13.167 [JavaFX Application Thread] INFO  a.a.t.s.a.i.a.MainController - Set Main Scene
17:51:13.710 [JavaFX Application Thread] DEBUG a.a.t.s.a.i.a.MainApplication - Application startup complete
17:51:15.806 [JavaFX Application Thread] INFO  a.a.t.s.a.i.r.c.Mainscenecontroller - Opening Productmanagement
17:51:15.806 [JavaFX Application Thread] INFO  a.a.t.s.a.i.application.Changescene - Changing scene
17:51:15.896 [JavaFX Application Thread] INFO  a.a.t.s.a.i.application.ConnectDb - Get Connection to Database
17:51:16.207 [JavaFX Application Thread] INFO  a.a.t.s.a.i.a.MainController - Set Main Scene
17:51:21.944 [JavaFX Application Thread] INFO  a.a.t.s.a.i.application.Changescene - Changing scene
17:51:21.989 [JavaFX Application Thread] INFO  a.a.t.s.a.i.a.MainController - Set Main Scene
17:51:37.895 [JavaFX Application Thread] INFO  a.a.t.s.a.i.application.ConnectDb - Get Connection to Database
17:51:42.469 [JavaFX Application Thread] INFO  a.a.t.s.a.i.application.Changescene - Changing scene
17:51:42.492 [JavaFX Application Thread] INFO  a.a.t.s.a.i.application.ConnectDb - Get Connection to Database
17:51:42.500 [JavaFX Application Thread] INFO  a.a.t.s.a.i.a.MainController - Set Main Scene
17:51:51.683 [JavaFX Application Thread] INFO  a.a.t.s.a.i.application.Changescene - Changing scene
17:51:51.707 [JavaFX Application Thread] INFO  a.a.t.s.a.i.a.MainController - Set Main Scene
17:51:52.713 [JavaFX Application Thread] INFO  a.a.t.s.a.i.application.Changescene - Changing scene
17:51:52.733 [JavaFX Application Thread] INFO  a.a.t.s.a.i.application.ConnectDb - Get Connection to Database
17:51:52.740 [JavaFX Application Thread] INFO  a.a.t.s.a.i.a.MainController - Set Main Scene
17:52:03.446 [JavaFX Application Thread] INFO  a.a.t.s.a.i.application.ConnectDb - Get Connection to Database
17:52:05.232 [JavaFX Application Thread] INFO  a.a.t.s.a.i.application.Changescene - Changing scene
17:52:05.248 [JavaFX Application Thread] INFO  a.a.t.s.a.i.a.MainController - Set Main Scene
17:52:17.621 [JavaFX Application Thread] INFO  a.a.t.s.a.i.application.ConnectDb - Get Connection to Database
17:52:26.132 [JavaFX Application Thread] INFO  a.a.t.s.a.i.application.Changescene - Changing scene
17:52:26.149 [JavaFX Application Thread] INFO  a.a.t.s.a.i.application.ConnectDb - Get Connection to Database
17:52:26.155 [JavaFX Application Thread] INFO  a.a.t.s.a.i.a.MainController - Set Main Scene
17:52:37.629 [JavaFX Application Thread] INFO  a.a.t.s.a.i.application.Changescene - Changing scene
17:52:37.647 [JavaFX Application Thread] INFO  a.a.t.s.a.i.a.MainController - Set Main Scene
17:52:39.832 [JavaFX Application Thread] INFO  a.a.t.s.a.i.application.ConnectDb - Get Connection to Database
17:52:42.541 [JavaFX Application Thread] INFO  a.a.t.s.a.i.application.Changescene - Changing scene
17:52:42.558 [JavaFX Application Thread] INFO  a.a.t.s.a.i.application.ConnectDb - Get Connection to Database
17:52:42.563 [JavaFX Application Thread] INFO  a.a.t.s.a.i.a.MainController - Set Main Scene
17:54:01.304 [JavaFX Application Thread] DEBUG a.a.t.s.a.i.a.MainApplication - Application shutdown initiated
17:54:06.878 [main] DEBUG a.a.t.s.a.i.a.MainApplication - Application starting with arguments=[]
17:54:07.230 [JavaFX Application Thread] INFO  a.a.t.s.a.i.application.Changescene - Changing scene
17:54:07.695 [JavaFX Application Thread] INFO  a.a.t.s.a.i.a.MainController - Set Main Scene
17:54:08.335 [JavaFX Application Thread] DEBUG a.a.t.s.a.i.a.MainApplication - Application startup complete
17:54:12.008 [JavaFX Application Thread] INFO  a.a.t.s.a.i.r.c.Mainscenecontroller - Opening Productmanagement
17:54:12.008 [JavaFX Application Thread] INFO  a.a.t.s.a.i.application.Changescene - Changing scene
17:54:12.106 [JavaFX Application Thread] INFO  a.a.t.s.a.i.application.ConnectDb - Get Connection to Database
17:54:12.429 [JavaFX Application Thread] INFO  a.a.t.s.a.i.a.MainController - Set Main Scene
17:54:21.727 [JavaFX Application Thread] INFO  a.a.t.s.a.i.application.Changescene - Changing scene
17:54:21.772 [JavaFX Application Thread] INFO  a.a.t.s.a.i.a.MainController - Set Main Scene
17:54:28.046 [JavaFX Application Thread] INFO  a.a.t.s.a.i.application.ConnectDb - Get Connection to Database
17:54:30.510 [JavaFX Application Thread] INFO  a.a.t.s.a.i.application.Changescene - Changing scene
17:54:30.535 [JavaFX Application Thread] INFO  a.a.t.s.a.i.application.ConnectDb - Get Connection to Database
17:54:30.544 [JavaFX Application Thread] INFO  a.a.t.s.a.i.a.MainController - Set Main Scene
17:54:34.093 [JavaFX Application Thread] INFO  a.a.t.s.a.i.application.ConnectDb - Get Connection to Database
17:54:34.705 [JavaFX Application Thread] INFO  a.a.t.s.a.i.application.ConnectDb - Get Connection to Database
17:54:34.871 [JavaFX Application Thread] INFO  a.a.t.s.a.i.application.ConnectDb - Get Connection to Database
17:54:34.992 [JavaFX Application Thread] INFO  a.a.t.s.a.i.application.ConnectDb - Get Connection to Database
17:56:31.887 [JavaFX Application Thread] DEBUG a.a.t.s.a.i.a.MainApplication - Application shutdown initiated
17:56:37.557 [main] DEBUG a.a.t.s.a.i.a.MainApplication - Application starting with arguments=[]
17:56:37.964 [JavaFX Application Thread] INFO  a.a.t.s.a.i.application.Changescene - Changing scene
17:56:38.402 [JavaFX Application Thread] INFO  a.a.t.s.a.i.a.MainController - Set Main Scene
17:56:39.051 [JavaFX Application Thread] DEBUG a.a.t.s.a.i.a.MainApplication - Application startup complete
17:56:43.320 [JavaFX Application Thread] INFO  a.a.t.s.a.i.r.c.Mainscenecontroller - Opening Productmanagement
17:56:43.321 [JavaFX Application Thread] INFO  a.a.t.s.a.i.application.Changescene - Changing scene
17:56:43.414 [JavaFX Application Thread] INFO  a.a.t.s.a.i.application.ConnectDb - Get Connection to Database
17:56:43.710 [JavaFX Application Thread] INFO  a.a.t.s.a.i.a.MainController - Set Main Scene
17:56:49.786 [JavaFX Application Thread] INFO  a.a.t.s.a.i.application.Changescene - Changing scene
17:56:49.847 [JavaFX Application Thread] INFO  a.a.t.s.a.i.a.MainController - Set Main Scene
17:57:02.371 [JavaFX Application Thread] INFO  a.a.t.s.a.i.application.ConnectDb - Get Connection to Database
17:57:03.625 [JavaFX Application Thread] INFO  a.a.t.s.a.i.application.Changescene - Changing scene
17:57:03.650 [JavaFX Application Thread] INFO  a.a.t.s.a.i.application.ConnectDb - Get Connection to Database
17:57:03.660 [JavaFX Application Thread] INFO  a.a.t.s.a.i.a.MainController - Set Main Scene
17:59:10.765 [JavaFX Application Thread] DEBUG a.a.t.s.a.i.a.MainApplication - Application shutdown initiated
17:59:16.472 [main] DEBUG a.a.t.s.a.i.a.MainApplication - Application starting with arguments=[]
17:59:16.828 [JavaFX Application Thread] INFO  a.a.t.s.a.i.application.Changescene - Changing scene
17:59:17.306 [JavaFX Application Thread] INFO  a.a.t.s.a.i.a.MainController - Set Main Scene
17:59:18.052 [JavaFX Application Thread] DEBUG a.a.t.s.a.i.a.MainApplication - Application startup complete
17:59:19.501 [JavaFX Application Thread] INFO  a.a.t.s.a.i.r.c.Mainscenecontroller - Opening Productmanagement
17:59:19.502 [JavaFX Application Thread] INFO  a.a.t.s.a.i.application.Changescene - Changing scene
17:59:19.596 [JavaFX Application Thread] INFO  a.a.t.s.a.i.application.ConnectDb - Get Connection to Database
17:59:19.900 [JavaFX Application Thread] INFO  a.a.t.s.a.i.a.MainController - Set Main Scene
17:59:25.745 [JavaFX Application Thread] INFO  a.a.t.s.a.i.application.Changescene - Changing scene
17:59:25.781 [JavaFX Application Thread] INFO  a.a.t.s.a.i.a.MainController - Set Main Scene
17:59:34.516 [JavaFX Application Thread] INFO  a.a.t.s.a.i.application.ConnectDb - Get Connection to Database
17:59:45.010 [JavaFX Application Thread] INFO  a.a.t.s.a.i.application.Changescene - Changing scene
17:59:45.031 [JavaFX Application Thread] INFO  a.a.t.s.a.i.application.ConnectDb - Get Connection to Database
17:59:45.044 [JavaFX Application Thread] INFO  a.a.t.s.a.i.a.MainController - Set Main Scene
18:01:07.528 [JavaFX Application Thread] INFO  a.a.t.s.a.i.application.Changescene - Changing scene
18:01:07.554 [JavaFX Application Thread] INFO  a.a.t.s.a.i.a.MainController - Set Main Scene
18:01:32.285 [JavaFX Application Thread] INFO  a.a.t.s.a.i.application.ConnectDb - Get Connection to Database
18:01:37.717 [JavaFX Application Thread] INFO  a.a.t.s.a.i.application.Changescene - Changing scene
18:01:37.764 [JavaFX Application Thread] INFO  a.a.t.s.a.i.application.ConnectDb - Get Connection to Database
18:01:37.780 [JavaFX Application Thread] INFO  a.a.t.s.a.i.a.MainController - Set Main Scene
18:04:36.067 [JavaFX Application Thread] DEBUG a.a.t.s.a.i.a.MainApplication - Application shutdown initiated
18:04:43.501 [main] DEBUG a.a.t.s.a.i.a.MainApplication - Application starting with arguments=[]
18:04:43.859 [JavaFX Application Thread] INFO  a.a.t.s.a.i.application.Changescene - Changing scene
18:04:44.352 [JavaFX Application Thread] INFO  a.a.t.s.a.i.a.MainController - Set Main Scene
18:04:44.930 [JavaFX Application Thread] DEBUG a.a.t.s.a.i.a.MainApplication - Application startup complete
18:04:52.881 [JavaFX Application Thread] INFO  a.a.t.s.a.i.r.c.Mainscenecontroller - Opening Productmanagement
18:04:52.881 [JavaFX Application Thread] INFO  a.a.t.s.a.i.application.Changescene - Changing scene
18:04:52.968 [JavaFX Application Thread] INFO  a.a.t.s.a.i.application.ConnectDb - Get Connection to Database
18:04:53.266 [JavaFX Application Thread] INFO  a.a.t.s.a.i.a.MainController - Set Main Scene
18:05:09.637 [JavaFX Application Thread] INFO  a.a.t.s.a.i.application.Changescene - Changing scene
18:05:09.687 [JavaFX Application Thread] INFO  a.a.t.s.a.i.a.MainController - Set Main Scene
18:05:20.831 [JavaFX Application Thread] INFO  a.a.t.s.a.i.application.ConnectDb - Get Connection to Database
18:05:22.711 [JavaFX Application Thread] INFO  a.a.t.s.a.i.application.Changescene - Changing scene
18:05:22.733 [JavaFX Application Thread] INFO  a.a.t.s.a.i.application.ConnectDb - Get Connection to Database
18:05:22.745 [JavaFX Application Thread] INFO  a.a.t.s.a.i.a.MainController - Set Main Scene
18:06:03.639 [JavaFX Application Thread] INFO  a.a.t.s.a.i.application.Changescene - Changing scene
18:06:03.656 [JavaFX Application Thread] INFO  a.a.t.s.a.i.a.MainController - Set Main Scene
18:06:17.519 [JavaFX Application Thread] INFO  a.a.t.s.a.i.application.Changescene - Changing scene
18:06:17.543 [JavaFX Application Thread] INFO  a.a.t.s.a.i.application.ConnectDb - Get Connection to Database
18:06:17.551 [JavaFX Application Thread] INFO  a.a.t.s.a.i.a.MainController - Set Main Scene
18:06:18.927 [JavaFX Application Thread] INFO  a.a.t.s.a.i.application.Changescene - Changing scene
18:06:18.946 [JavaFX Application Thread] INFO  a.a.t.s.a.i.a.MainController - Set Main Scene
18:06:19.461 [JavaFX Application Thread] INFO  a.a.t.s.a.i.application.Changescene - Changing scene
18:06:19.475 [JavaFX Application Thread] INFO  a.a.t.s.a.i.application.ConnectDb - Get Connection to Database
18:06:19.484 [JavaFX Application Thread] INFO  a.a.t.s.a.i.a.MainController - Set Main Scene
18:06:21.463 [JavaFX Application Thread] INFO  a.a.t.s.a.i.application.ConnectDb - Get Connection to Database
18:06:23.083 [JavaFX Application Thread] INFO  a.a.t.s.a.i.application.ConnectDb - Get Connection to Database
18:06:24.797 [JavaFX Application Thread] INFO  a.a.t.s.a.i.application.Changescene - Changing scene
18:06:24.814 [JavaFX Application Thread] INFO  a.a.t.s.a.i.a.MainController - Set Main Scene
18:06:26.937 [JavaFX Application Thread] DEBUG a.a.t.s.a.i.a.MainApplication - Application shutdown initiated
18:07:25.679 [main] DEBUG a.a.t.s.a.i.a.MainApplication - Application starting with arguments=[]
18:07:26.097 [JavaFX Application Thread] INFO  a.a.t.s.a.i.application.Changescene - Changing scene
18:07:26.558 [JavaFX Application Thread] INFO  a.a.t.s.a.i.a.MainController - Set Main Scene
18:07:27.218 [JavaFX Application Thread] DEBUG a.a.t.s.a.i.a.MainApplication - Application startup complete
18:07:30.330 [JavaFX Application Thread] INFO  a.a.t.s.a.i.r.c.Mainscenecontroller - Opening Productmanagement
18:07:30.331 [JavaFX Application Thread] INFO  a.a.t.s.a.i.application.Changescene - Changing scene
18:07:30.426 [JavaFX Application Thread] INFO  a.a.t.s.a.i.application.ConnectDb - Get Connection to Database
18:07:30.717 [JavaFX Application Thread] INFO  a.a.t.s.a.i.a.MainController - Set Main Scene
18:07:36.404 [JavaFX Application Thread] INFO  a.a.t.s.a.i.application.Changescene - Changing scene
18:07:36.437 [JavaFX Application Thread] INFO  a.a.t.s.a.i.a.MainController - Set Main Scene
18:08:33.507 [JavaFX Application Thread] DEBUG a.a.t.s.a.i.a.MainApplication - Application shutdown initiated
18:08:38.631 [main] DEBUG a.a.t.s.a.i.a.MainApplication - Application starting with arguments=[]
18:08:39.001 [JavaFX Application Thread] INFO  a.a.t.s.a.i.application.Changescene - Changing scene
18:08:39.427 [JavaFX Application Thread] INFO  a.a.t.s.a.i.a.MainController - Set Main Scene
18:08:40.144 [JavaFX Application Thread] DEBUG a.a.t.s.a.i.a.MainApplication - Application startup complete
18:08:41.629 [JavaFX Application Thread] INFO  a.a.t.s.a.i.application.Changescene - Changing scene
18:08:41.689 [JavaFX Application Thread] INFO  a.a.t.s.a.i.application.ConnectDb - Get Connection to Database
18:08:42.010 [JavaFX Application Thread] INFO  a.a.t.s.a.i.a.MainController - Set Main Scene
18:08:43.323 [JavaFX Application Thread] INFO  a.a.t.s.a.i.application.Changescene - Changing scene
18:08:43.349 [JavaFX Application Thread] INFO  a.a.t.s.a.i.a.MainController - Set Main Scene
18:08:43.819 [JavaFX Application Thread] INFO  a.a.t.s.a.i.r.c.Mainscenecontroller - Opening Productmanagement
18:08:43.819 [JavaFX Application Thread] INFO  a.a.t.s.a.i.application.Changescene - Changing scene
18:08:43.867 [JavaFX Application Thread] INFO  a.a.t.s.a.i.application.ConnectDb - Get Connection to Database
18:08:43.883 [JavaFX Application Thread] INFO  a.a.t.s.a.i.a.MainController - Set Main Scene
18:08:50.915 [JavaFX Application Thread] INFO  a.a.t.s.a.i.application.Changescene - Changing scene
18:08:50.944 [JavaFX Application Thread] INFO  a.a.t.s.a.i.a.MainController - Set Main Scene
18:08:59.848 [JavaFX Application Thread] INFO  a.a.t.s.a.i.application.ConnectDb - Get Connection to Database
18:08:59.869 [JavaFX Application Thread] INFO  a.a.t.s.a.i.application.ConnectDb - Get Connection to Database
18:09:01.261 [JavaFX Application Thread] INFO  a.a.t.s.a.i.application.Changescene - Changing scene
18:09:01.280 [JavaFX Application Thread] INFO  a.a.t.s.a.i.application.ConnectDb - Get Connection to Database
18:09:01.286 [JavaFX Application Thread] INFO  a.a.t.s.a.i.a.MainController - Set Main Scene
18:09:03.847 [JavaFX Application Thread] INFO  a.a.t.s.a.i.application.ConnectDb - Get Connection to Database
18:09:11.947 [JavaFX Application Thread] INFO  a.a.t.s.a.i.application.Changescene - Changing scene
18:09:11.969 [JavaFX Application Thread] INFO  a.a.t.s.a.i.a.MainController - Set Main Scene
18:12:21.745 [JavaFX Application Thread] INFO  a.a.t.s.a.i.r.c.Mainscenecontroller - Opening Productmanagement
18:12:21.746 [JavaFX Application Thread] INFO  a.a.t.s.a.i.application.Changescene - Changing scene
18:12:21.761 [JavaFX Application Thread] INFO  a.a.t.s.a.i.application.ConnectDb - Get Connection to Database
18:12:21.767 [JavaFX Application Thread] INFO  a.a.t.s.a.i.a.MainController - Set Main Scene
18:12:23.441 [JavaFX Application Thread] INFO  a.a.t.s.a.i.application.Changescene - Changing scene
18:12:23.461 [JavaFX Application Thread] INFO  a.a.t.s.a.i.a.MainController - Set Main Scene
18:12:23.986 [JavaFX Application Thread] INFO  a.a.t.s.a.i.application.Changescene - Changing scene
18:12:24.000 [JavaFX Application Thread] INFO  a.a.t.s.a.i.application.ConnectDb - Get Connection to Database
18:12:24.005 [JavaFX Application Thread] INFO  a.a.t.s.a.i.a.MainController - Set Main Scene
18:12:25.786 [JavaFX Application Thread] INFO  a.a.t.s.a.i.application.ConnectDb - Get Connection to Database
18:12:26.306 [JavaFX Application Thread] INFO  a.a.t.s.a.i.application.Changescene - Changing scene
18:12:26.323 [JavaFX Application Thread] INFO  a.a.t.s.a.i.a.MainController - Set Main Scene
18:12:29.150 [JavaFX Application Thread] INFO  a.a.t.s.a.i.r.c.Mainscenecontroller - Open Invoicemanagement
18:12:29.150 [JavaFX Application Thread] INFO  a.a.t.s.a.i.application.Changescene - Changing scene
18:12:29.159 [JavaFX Application Thread] INFO  a.a.t.s.a.i.a.MainController - Set Main Scene
18:12:42.798 [JavaFX Application Thread] DEBUG a.a.t.s.a.i.a.MainApplication - Application shutdown initiated
18:35:10.880 [main] DEBUG a.a.t.s.a.i.a.MainApplication - Application starting with arguments=[]
18:35:11.212 [JavaFX Application Thread] INFO  a.a.t.s.a.i.application.Changescene - Changing scene
18:35:11.546 [JavaFX Application Thread] INFO  a.a.t.s.a.i.a.MainController - Set Main Scene
18:35:12.191 [JavaFX Application Thread] DEBUG a.a.t.s.a.i.a.MainApplication - Application startup complete
18:35:18.444 [JavaFX Application Thread] INFO  a.a.t.s.a.i.r.c.Mainscenecontroller - Open Invoicemanagement
18:35:18.444 [JavaFX Application Thread] INFO  a.a.t.s.a.i.application.Changescene - Changing scene
18:35:18.494 [JavaFX Application Thread] INFO  a.a.t.s.a.i.application.ConnectDb - Get Connection to Database
18:35:18.774 [JavaFX Application Thread] INFO  a.a.t.s.a.i.a.MainController - Set Main Scene
18:35:25.042 [JavaFX Application Thread] INFO  a.a.t.s.a.i.application.Changescene - Changing scene
18:35:25.071 [JavaFX Application Thread] INFO  a.a.t.s.a.i.a.MainController - Set Main Scene
18:35:25.692 [JavaFX Application Thread] INFO  a.a.t.s.a.i.r.c.Mainscenecontroller - Open Invoicemanagement
18:35:25.693 [JavaFX Application Thread] INFO  a.a.t.s.a.i.application.Changescene - Changing scene
18:35:25.707 [JavaFX Application Thread] INFO  a.a.t.s.a.i.application.ConnectDb - Get Connection to Database
18:35:25.714 [JavaFX Application Thread] INFO  a.a.t.s.a.i.a.MainController - Set Main Scene
18:35:27.352 [JavaFX Application Thread] INFO  a.a.t.s.a.i.application.Changescene - Changing scene
18:35:27.390 [JavaFX Application Thread] INFO  a.a.t.s.a.i.r.c.DetailInvoicecontroller - Initialize Invoicecontroller Controller
18:35:27.399 [JavaFX Application Thread] INFO  a.a.t.s.a.i.a.MainController - Set Main Scene
18:35:32.430 [JavaFX Application Thread] INFO  a.a.t.s.a.i.application.ConnectDb - Get Connection to Database
18:35:51.954 [JavaFX Application Thread] INFO  a.a.t.s.a.i.r.c.DetailInvoicecontroller - Clicked on Black
18:35:51.954 [JavaFX Application Thread] INFO  a.a.t.s.a.i.application.Changescene - Changing scene
18:35:51.977 [JavaFX Application Thread] INFO  a.a.t.s.a.i.a.MainController - Set Main Scene
18:35:54.840 [JavaFX Application Thread] INFO  a.a.t.s.a.i.r.c.Mainscenecontroller - Opening Productmanagement
18:35:54.841 [JavaFX Application Thread] INFO  a.a.t.s.a.i.application.Changescene - Changing scene
18:35:54.883 [JavaFX Application Thread] INFO  a.a.t.s.a.i.application.ConnectDb - Get Connection to Database
18:35:54.897 [JavaFX Application Thread] INFO  a.a.t.s.a.i.a.MainController - Set Main Scene
18:35:57.796 [JavaFX Application Thread] INFO  a.a.t.s.a.i.application.Changescene - Changing scene
18:35:57.827 [JavaFX Application Thread] INFO  a.a.t.s.a.i.a.MainController - Set Main Scene
18:36:00.983 [JavaFX Application Thread] INFO  a.a.t.s.a.i.application.Changescene - Changing scene
18:36:01.002 [JavaFX Application Thread] INFO  a.a.t.s.a.i.application.ConnectDb - Get Connection to Database
18:36:01.009 [JavaFX Application Thread] INFO  a.a.t.s.a.i.a.MainController - Set Main Scene
18:36:02.174 [JavaFX Application Thread] INFO  a.a.t.s.a.i.application.Changescene - Changing scene
18:36:02.193 [JavaFX Application Thread] INFO  a.a.t.s.a.i.a.MainController - Set Main Scene
18:36:02.774 [JavaFX Application Thread] INFO  a.a.t.s.a.i.application.Changescene - Changing scene
18:36:02.791 [JavaFX Application Thread] INFO  a.a.t.s.a.i.application.ConnectDb - Get Connection to Database
18:36:02.795 [JavaFX Application Thread] INFO  a.a.t.s.a.i.a.MainController - Set Main Scene
18:36:04.442 [JavaFX Application Thread] INFO  a.a.t.s.a.i.application.ConnectDb - Get Connection to Database
18:36:11.114 [JavaFX Application Thread] INFO  a.a.t.s.a.i.application.ConnectDb - Get Connection to Database
18:36:21.594 [JavaFX Application Thread] INFO  a.a.t.s.a.i.application.ConnectDb - Get Connection to Database
18:36:21.599 [JavaFX Application Thread] INFO  a.a.t.s.a.i.application.ConnectDb - Get Connection to Database
18:36:22.926 [JavaFX Application Thread] INFO  a.a.t.s.a.i.application.ConnectDb - Get Connection to Database
18:36:24.875 [JavaFX Application Thread] INFO  a.a.t.s.a.i.application.Changescene - Changing scene
18:36:24.892 [JavaFX Application Thread] INFO  a.a.t.s.a.i.a.MainController - Set Main Scene
18:36:25.925 [JavaFX Application Thread] INFO  a.a.t.s.a.i.r.c.Mainscenecontroller - Open Invoicemanagement
18:36:25.925 [JavaFX Application Thread] INFO  a.a.t.s.a.i.application.Changescene - Changing scene
18:36:25.935 [JavaFX Application Thread] INFO  a.a.t.s.a.i.application.ConnectDb - Get Connection to Database
18:36:25.939 [JavaFX Application Thread] INFO  a.a.t.s.a.i.a.MainController - Set Main Scene
18:36:38.105 [JavaFX Application Thread] INFO  a.a.t.s.a.i.application.Changescene - Changing scene
18:36:38.118 [JavaFX Application Thread] INFO  a.a.t.s.a.i.r.c.DetailInvoicecontroller - Initialize Invoicecontroller Controller
18:36:38.121 [JavaFX Application Thread] INFO  a.a.t.s.a.i.a.MainController - Set Main Scene
18:36:42.744 [JavaFX Application Thread] INFO  a.a.t.s.a.i.application.ConnectDb - Get Connection to Database
18:36:53.539 [JavaFX Application Thread] INFO  a.a.t.s.a.i.r.c.DetailInvoicecontroller - Clicked on Black
18:36:53.539 [JavaFX Application Thread] INFO  a.a.t.s.a.i.application.Changescene - Changing scene
18:36:53.554 [JavaFX Application Thread] INFO  a.a.t.s.a.i.a.MainController - Set Main Scene
18:36:58.133 [JavaFX Application Thread] INFO  a.a.t.s.a.i.application.Changescene - Changing scene
18:36:58.145 [JavaFX Application Thread] INFO  a.a.t.s.a.i.application.ConnectDb - Get Connection to Database
18:36:58.149 [JavaFX Application Thread] INFO  a.a.t.s.a.i.a.MainController - Set Main Scene
18:37:13.023 [JavaFX Application Thread] INFO  a.a.t.s.a.i.application.ConnectDb - Get Connection to Database
18:37:14.355 [JavaFX Application Thread] INFO  a.a.t.s.a.i.application.Changescene - Changing scene
18:37:14.369 [JavaFX Application Thread] INFO  a.a.t.s.a.i.application.ConnectDb - Get Connection to Database
18:37:14.375 [JavaFX Application Thread] INFO  a.a.t.s.a.i.a.MainController - Set Main Scene
18:37:21.998 [JavaFX Application Thread] INFO  a.a.t.s.a.i.application.ConnectDb - Get Connection to Database
18:37:22.002 [JavaFX Application Thread] INFO  a.a.t.s.a.i.application.ConnectDb - Get Connection to Database
18:37:22.842 [JavaFX Application Thread] INFO  a.a.t.s.a.i.application.Changescene - Changing scene
18:37:22.853 [JavaFX Application Thread] INFO  a.a.t.s.a.i.application.ConnectDb - Get Connection to Database
18:37:22.859 [JavaFX Application Thread] INFO  a.a.t.s.a.i.a.MainController - Set Main Scene
18:37:24.577 [JavaFX Application Thread] INFO  a.a.t.s.a.i.application.ConnectDb - Get Connection to Database
18:37:27.659 [JavaFX Application Thread] INFO  a.a.t.s.a.i.application.Changescene - Changing scene
18:37:27.673 [JavaFX Application Thread] INFO  a.a.t.s.a.i.application.ConnectDb - Get Connection to Database
18:37:27.679 [JavaFX Application Thread] INFO  a.a.t.s.a.i.a.MainController - Set Main Scene
18:37:33.335 [JavaFX Application Thread] INFO  a.a.t.s.a.i.application.ConnectDb - Get Connection to Database
18:37:33.338 [JavaFX Application Thread] INFO  a.a.t.s.a.i.application.ConnectDb - Get Connection to Database
18:37:34.210 [JavaFX Application Thread] INFO  a.a.t.s.a.i.application.Changescene - Changing scene
18:37:34.218 [JavaFX Application Thread] INFO  a.a.t.s.a.i.application.ConnectDb - Get Connection to Database
18:37:34.222 [JavaFX Application Thread] INFO  a.a.t.s.a.i.a.MainController - Set Main Scene
18:37:35.991 [JavaFX Application Thread] INFO  a.a.t.s.a.i.application.ConnectDb - Get Connection to Database
18:37:57.187 [JavaFX Application Thread] INFO  a.a.t.s.a.i.application.ConnectDb - Get Connection to Database
18:37:57.190 [JavaFX Application Thread] INFO  a.a.t.s.a.i.application.ConnectDb - Get Connection to Database
18:37:58.120 [JavaFX Application Thread] INFO  a.a.t.s.a.i.application.ConnectDb - Get Connection to Database
18:37:59.429 [JavaFX Application Thread] INFO  a.a.t.s.a.i.application.Changescene - Changing scene
18:37:59.444 [JavaFX Application Thread] INFO  a.a.t.s.a.i.a.MainController - Set Main Scene
18:38:01.104 [JavaFX Application Thread] INFO  a.a.t.s.a.i.r.c.Mainscenecontroller - Open Invoicemanagement
18:38:01.104 [JavaFX Application Thread] INFO  a.a.t.s.a.i.application.Changescene - Changing scene
18:38:01.111 [JavaFX Application Thread] INFO  a.a.t.s.a.i.application.ConnectDb - Get Connection to Database
18:38:01.117 [JavaFX Application Thread] INFO  a.a.t.s.a.i.a.MainController - Set Main Scene
18:38:08.613 [JavaFX Application Thread] INFO  a.a.t.s.a.i.application.Changescene - Changing scene
18:38:08.621 [JavaFX Application Thread] INFO  a.a.t.s.a.i.r.c.DetailInvoicecontroller - Initialize Invoicecontroller Controller
18:38:08.623 [JavaFX Application Thread] INFO  a.a.t.s.a.i.a.MainController - Set Main Scene
18:38:20.796 [JavaFX Application Thread] INFO  a.a.t.s.a.i.application.ConnectDb - Get Connection to Database
18:38:43.502 [JavaFX Application Thread] INFO  a.a.t.s.a.i.r.c.DetailInvoicecontroller - Clicked on Black
18:38:43.502 [JavaFX Application Thread] INFO  a.a.t.s.a.i.application.Changescene - Changing scene
18:38:43.516 [JavaFX Application Thread] INFO  a.a.t.s.a.i.a.MainController - Set Main Scene
18:38:44.785 [JavaFX Application Thread] DEBUG a.a.t.s.a.i.a.MainApplication - Application shutdown initiated
19:54:51.664 [main] DEBUG a.a.t.s.a.i.a.MainApplication - Application starting with arguments=[]
19:54:51.997 [JavaFX Application Thread] INFO  a.a.t.s.a.i.application.Changescene - Changing scene
19:54:52.380 [JavaFX Application Thread] INFO  a.a.t.s.a.i.a.MainController - Set Main Scene
19:54:53.018 [JavaFX Application Thread] DEBUG a.a.t.s.a.i.a.MainApplication - Application startup complete
19:54:59.404 [JavaFX Application Thread] INFO  a.a.t.s.a.i.r.c.Mainscenecontroller - Opening Productmanagement
19:54:59.405 [JavaFX Application Thread] INFO  a.a.t.s.a.i.application.Changescene - Changing scene
19:54:59.489 [JavaFX Application Thread] INFO  a.a.t.s.a.i.application.ConnectDb - Get Connection to Database
19:54:59.784 [JavaFX Application Thread] INFO  a.a.t.s.a.i.a.MainController - Set Main Scene
19:55:07.115 [JavaFX Application Thread] INFO  a.a.t.s.a.i.application.Changescene - Changing scene
19:55:07.136 [JavaFX Application Thread] INFO  a.a.t.s.a.i.a.MainController - Set Main Scene
19:55:08.014 [JavaFX Application Thread] INFO  a.a.t.s.a.i.r.c.Mainscenecontroller - Open Invoicemanagement
19:55:08.014 [JavaFX Application Thread] INFO  a.a.t.s.a.i.application.Changescene - Changing scene
19:55:08.029 [JavaFX Application Thread] INFO  a.a.t.s.a.i.application.ConnectDb - Get Connection to Database
19:55:08.045 [JavaFX Application Thread] INFO  a.a.t.s.a.i.a.MainController - Set Main Scene
19:55:14.978 [JavaFX Application Thread] INFO  a.a.t.s.a.i.application.Changescene - Changing scene
19:55:15.003 [JavaFX Application Thread] INFO  a.a.t.s.a.i.a.MainController - Set Main Scene
19:55:15.715 [JavaFX Application Thread] INFO  a.a.t.s.a.i.application.Changescene - Changing scene
19:55:15.748 [JavaFX Application Thread] INFO  a.a.t.s.a.i.application.ConnectDb - Get Connection to Database
19:55:15.756 [JavaFX Application Thread] INFO  a.a.t.s.a.i.a.MainController - Set Main Scene
19:55:17.032 [JavaFX Application Thread] INFO  a.a.t.s.a.i.application.Changescene - Changing scene
19:55:17.056 [JavaFX Application Thread] INFO  a.a.t.s.a.i.a.MainController - Set Main Scene
19:55:20.958 [JavaFX Application Thread] DEBUG a.a.t.s.a.i.a.MainApplication - Application shutdown initiated
